{
  "/home/claw/.paperclip/instances/default/projects/c7ecff56-aed4-4103-bb75-af2b584b06a4/a8c3a85f-2c69-45cb-a8e0-7dbb21faf9b9/Omni/src/config/database.ts": {
    "path": "/home/claw/.paperclip/instances/default/projects/c7ecff56-aed4-4103-bb75-af2b584b06a4/a8c3a85f-2c69-45cb-a8e0-7dbb21faf9b9/Omni/src/config/database.ts",
    "statementMap": {
      "0": {
        "start": { "line": 4, "column": 0 },
        "end": { "line": 4, "column": null }
      },
      "1": {
        "start": { "line": 6, "column": 20 },
        "end": { "line": 16, "column": 2 }
      },
      "2": {
        "start": { "line": 18, "column": 0 },
        "end": { "line": 21, "column": null }
      },
      "3": {
        "start": { "line": 19, "column": 2 },
        "end": { "line": 19, "column": null }
      },
      "4": {
        "start": { "line": 20, "column": 2 },
        "end": { "line": 20, "column": null }
      },
      "5": {
        "start": { "line": 23, "column": 13 },
        "end": { "line": 23, "column": 79 }
      },
      "6": {
        "start": { "line": 23, "column": 55 },
        "end": { "line": 23, "column": 79 }
      }
    },
    "fnMap": {
      "0": {
        "name": "(anonymous_0)",
        "decl": {
          "start": { "line": 18, "column": 8 },
          "end": { "line": 18, "column": 17 }
        },
        "loc": {
          "start": { "line": 18, "column": 24 },
          "end": { "line": 21, "column": null }
        },
        "line": 18
      },
      "1": {
        "name": "(anonymous_1)",
        "decl": {
          "start": { "line": 23, "column": 13 },
          "end": { "line": 23, "column": 22 }
        },
        "loc": {
          "start": { "line": 23, "column": 55 },
          "end": { "line": 23, "column": 79 }
        },
        "line": 23
      }
    },
    "branchMap": {
      "0": {
        "loc": {
          "start": { "line": 7, "column": 8 },
          "end": { "line": 7, "column": null }
        },
        "type": "binary-expr",
        "locations": [
          {
            "start": { "line": 7, "column": 8 },
            "end": { "line": 7, "column": 31 }
          },
          {
            "start": { "line": 7, "column": 31 },
            "end": { "line": 7, "column": null }
          }
        ],
        "line": 7
      },
      "1": {
        "loc": {
          "start": { "line": 8, "column": 17 },
          "end": { "line": 8, "column": 47 }
        },
        "type": "binary-expr",
        "locations": [
          {
            "start": { "line": 8, "column": 17 },
            "end": { "line": 8, "column": 40 }
          },
          {
            "start": { "line": 8, "column": 40 },
            "end": { "line": 8, "column": 47 }
          }
        ],
        "line": 8
      },
      "2": {
        "loc": {
          "start": { "line": 9, "column": 12 },
          "end": { "line": 9, "column": null }
        },
        "type": "binary-expr",
        "locations": [
          {
            "start": { "line": 9, "column": 12 },
            "end": { "line": 9, "column": 35 }
          },
          {
            "start": { "line": 9, "column": 35 },
            "end": { "line": 9, "column": null }
          }
        ],
        "line": 9
      },
      "3": {
        "loc": {
          "start": { "line": 10, "column": 8 },
          "end": { "line": 10, "column": null }
        },
        "type": "binary-expr",
        "locations": [
          {
            "start": { "line": 10, "column": 8 },
            "end": { "line": 10, "column": 31 }
          },
          {
            "start": { "line": 10, "column": 31 },
            "end": { "line": 10, "column": null }
          }
        ],
        "line": 10
      },
      "4": {
        "loc": {
          "start": { "line": 12, "column": 2 },
          "end": { "line": 12, "column": null }
        },
        "type": "cond-expr",
        "locations": [
          {
            "start": { "line": 12, "column": 47 },
            "end": { "line": 12, "column": 76 }
          },
          {
            "start": { "line": 12, "column": 79 },
            "end": { "line": 12, "column": null }
          }
        ],
        "line": 12
      }
    },
    "s": { "0": 3, "1": 3, "2": 3, "3": 0, "4": 0, "5": 3, "6": 304 },
    "f": { "0": 0, "1": 304 },
    "b": { "0": [3, 0], "1": [3, 0], "2": [3, 0], "3": [3, 0], "4": [0, 3] },
    "meta": {
      "lastBranch": 5,
      "lastFunction": 2,
      "lastStatement": 7,
      "seen": {
        "s:4:0:4:Infinity": 0,
        "s:6:20:16:2": 1,
        "b:7:8:7:31:7:31:7:Infinity": 0,
        "b:8:17:8:40:8:40:8:47": 1,
        "b:9:12:9:35:9:35:9:Infinity": 2,
        "b:10:8:10:31:10:31:10:Infinity": 3,
        "b:12:47:12:76:12:79:12:Infinity": 4,
        "s:18:0:21:Infinity": 2,
        "f:18:8:18:17": 0,
        "s:19:2:19:Infinity": 3,
        "s:20:2:20:Infinity": 4,
        "s:23:13:23:79": 5,
        "f:23:13:23:22": 1,
        "s:23:55:23:79": 6
      }
    }
  },
  "/home/claw/.paperclip/instances/default/projects/c7ecff56-aed4-4103-bb75-af2b584b06a4/a8c3a85f-2c69-45cb-a8e0-7dbb21faf9b9/Omni/src/middleware/auth.ts": {
    "path": "/home/claw/.paperclip/instances/default/projects/c7ecff56-aed4-4103-bb75-af2b584b06a4/a8c3a85f-2c69-45cb-a8e0-7dbb21faf9b9/Omni/src/middleware/auth.ts",
    "statementMap": {
      "0": {
        "start": { "line": 9, "column": 13 },
        "end": { "line": 39, "column": null }
      },
      "1": {
        "start": { "line": 14, "column": 21 },
        "end": { "line": 14, "column": null }
      },
      "2": {
        "start": { "line": 15, "column": 16 },
        "end": { "line": 15, "column": null }
      },
      "3": {
        "start": { "line": 17, "column": 2 },
        "end": { "line": 18, "column": null }
      },
      "4": {
        "start": { "line": 18, "column": 4 },
        "end": { "line": 18, "column": null }
      },
      "5": {
        "start": { "line": 21, "column": 17 },
        "end": { "line": 21, "column": null }
      },
      "6": {
        "start": { "line": 22, "column": 2 },
        "end": { "line": 24, "column": null }
      },
      "7": {
        "start": { "line": 23, "column": 4 },
        "end": { "line": 23, "column": null }
      },
      "8": {
        "start": { "line": 24, "column": 4 },
        "end": { "line": 24, "column": null }
      },
      "9": {
        "start": { "line": 27, "column": 2 },
        "end": { "line": 39, "column": null }
      },
      "10": {
        "start": { "line": 31, "column": 6 },
        "end": { "line": 32, "column": null }
      },
      "11": {
        "start": { "line": 32, "column": 8 },
        "end": { "line": 32, "column": null }
      },
      "12": {
        "start": { "line": 35, "column": 6 },
        "end": { "line": 35, "column": null }
      },
      "13": {
        "start": { "line": 36, "column": 6 },
        "end": { "line": 36, "column": null }
      },
      "14": {
        "start": { "line": 37, "column": 6 },
        "end": { "line": 37, "column": null }
      }
    },
    "fnMap": {
      "0": {
        "name": "(anonymous_0)",
        "decl": {
          "start": { "line": 9, "column": 13 },
          "end": { "line": 9, "column": null }
        },
        "loc": {
          "start": { "line": 13, "column": 5 },
          "end": { "line": 39, "column": null }
        },
        "line": 13
      },
      "1": {
        "name": "(anonymous_1)",
        "decl": {
          "start": { "line": 29, "column": 4 },
          "end": { "line": 29, "column": null }
        },
        "loc": {
          "start": { "line": 30, "column": 22 },
          "end": { "line": 39, "column": null }
        },
        "line": 30
      }
    },
    "branchMap": {
      "0": {
        "loc": {
          "start": { "line": 15, "column": 16 },
          "end": { "line": 15, "column": null }
        },
        "type": "binary-expr",
        "locations": [
          {
            "start": { "line": 15, "column": 16 },
            "end": { "line": 15, "column": 30 }
          },
          {
            "start": { "line": 15, "column": 30 },
            "end": { "line": 15, "column": null }
          }
        ],
        "line": 15
      },
      "1": {
        "loc": {
          "start": { "line": 17, "column": 2 },
          "end": { "line": 18, "column": null }
        },
        "type": "if",
        "locations": [
          {
            "start": { "line": 17, "column": 2 },
            "end": { "line": 18, "column": null }
          },
          { "start": {}, "end": {} }
        ],
        "line": 17
      },
      "2": {
        "loc": {
          "start": { "line": 22, "column": 2 },
          "end": { "line": 24, "column": null }
        },
        "type": "if",
        "locations": [
          {
            "start": { "line": 22, "column": 2 },
            "end": { "line": 24, "column": null }
          },
          { "start": {}, "end": {} }
        ],
        "line": 22
      },
      "3": {
        "loc": {
          "start": { "line": 31, "column": 6 },
          "end": { "line": 32, "column": null }
        },
        "type": "if",
        "locations": [
          {
            "start": { "line": 31, "column": 6 },
            "end": { "line": 32, "column": null }
          },
          { "start": {}, "end": {} }
        ],
        "line": 31
      }
    },
    "s": {
      "0": 3,
      "1": 278,
      "2": 278,
      "3": 278,
      "4": 12,
      "5": 266,
      "6": 266,
      "7": 0,
      "8": 0,
      "9": 266,
      "10": 266,
      "11": 0,
      "12": 266,
      "13": 266,
      "14": 266
    },
    "f": { "0": 278, "1": 266 },
    "b": { "0": [278, 266], "1": [12, 266], "2": [0, 266], "3": [0, 266] },
    "meta": {
      "lastBranch": 4,
      "lastFunction": 2,
      "lastStatement": 15,
      "seen": {
        "s:9:13:39:Infinity": 0,
        "f:9:13:9:Infinity": 0,
        "s:14:21:14:Infinity": 1,
        "s:15:16:15:Infinity": 2,
        "b:15:16:15:30:15:30:15:Infinity": 0,
        "b:17:2:18:Infinity:undefined:undefined:undefined:undefined": 1,
        "s:17:2:18:Infinity": 3,
        "s:18:4:18:Infinity": 4,
        "s:21:17:21:Infinity": 5,
        "b:22:2:24:Infinity:undefined:undefined:undefined:undefined": 2,
        "s:22:2:24:Infinity": 6,
        "s:23:4:23:Infinity": 7,
        "s:24:4:24:Infinity": 8,
        "s:27:2:39:Infinity": 9,
        "f:29:4:29:Infinity": 1,
        "b:31:6:32:Infinity:undefined:undefined:undefined:undefined": 3,
        "s:31:6:32:Infinity": 10,
        "s:32:8:32:Infinity": 11,
        "s:35:6:35:Infinity": 12,
        "s:36:6:36:Infinity": 13,
        "s:37:6:37:Infinity": 14
      }
    }
  },
  "/home/claw/.paperclip/instances/default/projects/c7ecff56-aed4-4103-bb75-af2b584b06a4/a8c3a85f-2c69-45cb-a8e0-7dbb21faf9b9/Omni/src/middleware/rateLimit.ts": {
    "path": "/home/claw/.paperclip/instances/default/projects/c7ecff56-aed4-4103-bb75-af2b584b06a4/a8c3a85f-2c69-45cb-a8e0-7dbb21faf9b9/Omni/src/middleware/rateLimit.ts",
    "statementMap": {
      "0": {
        "start": { "line": 10, "column": 30 },
        "end": { "line": 10, "column": 32 }
      },
      "1": {
        "start": { "line": 12, "column": 13 },
        "end": { "line": 37, "column": null }
      },
      "2": {
        "start": { "line": 17, "column": 2 },
        "end": { "line": 37, "column": null }
      },
      "3": {
        "start": { "line": 18, "column": 16 },
        "end": { "line": 18, "column": null }
      },
      "4": {
        "start": { "line": 19, "column": 16 },
        "end": { "line": 19, "column": 26 }
      },
      "5": {
        "start": { "line": 21, "column": 4 },
        "end": { "line": 26, "column": null }
      },
      "6": {
        "start": { "line": 22, "column": 6 },
        "end": { "line": 25, "column": null }
      },
      "7": {
        "start": { "line": 26, "column": 6 },
        "end": { "line": 26, "column": null }
      },
      "8": {
        "start": { "line": 29, "column": 4 },
        "end": { "line": 29, "column": null }
      },
      "9": {
        "start": { "line": 31, "column": 4 },
        "end": { "line": 34, "column": null }
      },
      "10": {
        "start": { "line": 32, "column": 6 },
        "end": { "line": 34, "column": null }
      },
      "11": {
        "start": { "line": 37, "column": 4 },
        "end": { "line": 37, "column": null }
      }
    },
    "fnMap": {
      "0": {
        "name": "(anonymous_0)",
        "decl": {
          "start": { "line": 12, "column": 13 },
          "end": { "line": 12, "column": 26 }
        },
        "loc": {
          "start": { "line": 16, "column": 6 },
          "end": { "line": 37, "column": null }
        },
        "line": 16
      },
      "1": {
        "name": "(anonymous_1)",
        "decl": {
          "start": { "line": 17, "column": 2 },
          "end": { "line": 17, "column": 10 }
        },
        "loc": {
          "start": { "line": 17, "column": 62 },
          "end": { "line": 37, "column": null }
        },
        "line": 17
      }
    },
    "branchMap": {
      "0": {
        "loc": {
          "start": { "line": 18, "column": 16 },
          "end": { "line": 18, "column": null }
        },
        "type": "binary-expr",
        "locations": [
          {
            "start": { "line": 18, "column": 16 },
            "end": { "line": 18, "column": 26 }
          },
          {
            "start": { "line": 18, "column": 26 },
            "end": { "line": 18, "column": 55 }
          },
          {
            "start": { "line": 18, "column": 59 },
            "end": { "line": 18, "column": null }
          }
        ],
        "line": 18
      },
      "1": {
        "loc": {
          "start": { "line": 21, "column": 4 },
          "end": { "line": 26, "column": null }
        },
        "type": "if",
        "locations": [
          {
            "start": { "line": 21, "column": 4 },
            "end": { "line": 26, "column": null }
          },
          { "start": {}, "end": {} }
        ],
        "line": 21
      },
      "2": {
        "loc": {
          "start": { "line": 21, "column": 8 },
          "end": { "line": 21, "column": 51 }
        },
        "type": "binary-expr",
        "locations": [
          {
            "start": { "line": 21, "column": 8 },
            "end": { "line": 21, "column": 23 }
          },
          {
            "start": { "line": 21, "column": 23 },
            "end": { "line": 21, "column": 51 }
          }
        ],
        "line": 21
      },
      "3": {
        "loc": {
          "start": { "line": 31, "column": 4 },
          "end": { "line": 34, "column": null }
        },
        "type": "if",
        "locations": [
          {
            "start": { "line": 31, "column": 4 },
            "end": { "line": 34, "column": null }
          },
          { "start": {}, "end": {} }
        ],
        "line": 31
      },
      "4": {
        "loc": {
          "start": { "line": 33, "column": 15 },
          "end": { "line": 33, "column": null }
        },
        "type": "binary-expr",
        "locations": [
          {
            "start": { "line": 33, "column": 15 },
            "end": { "line": 33, "column": 34 }
          },
          {
            "start": { "line": 33, "column": 34 },
            "end": { "line": 33, "column": null }
          }
        ],
        "line": 33
      }
    },
    "s": {
      "0": 3,
      "1": 3,
      "2": 6,
      "3": 21,
      "4": 21,
      "5": 21,
      "6": 3,
      "7": 3,
      "8": 18,
      "9": 18,
      "10": 9,
      "11": 9
    },
    "f": { "0": 6, "1": 21 },
    "b": {
      "0": [21, 0, 0],
      "1": [3, 18],
      "2": [21, 18],
      "3": [9, 9],
      "4": [9, 0]
    },
    "meta": {
      "lastBranch": 5,
      "lastFunction": 2,
      "lastStatement": 12,
      "seen": {
        "s:10:30:10:32": 0,
        "s:12:13:37:Infinity": 1,
        "f:12:13:12:26": 0,
        "s:17:2:37:Infinity": 2,
        "f:17:2:17:10": 1,
        "s:18:16:18:Infinity": 3,
        "b:18:16:18:26:18:26:18:55:18:59:18:Infinity": 0,
        "s:19:16:19:26": 4,
        "b:21:4:26:Infinity:undefined:undefined:undefined:undefined": 1,
        "s:21:4:26:Infinity": 5,
        "b:21:8:21:23:21:23:21:51": 2,
        "s:22:6:25:Infinity": 6,
        "s:26:6:26:Infinity": 7,
        "s:29:4:29:Infinity": 8,
        "b:31:4:34:Infinity:undefined:undefined:undefined:undefined": 3,
        "s:31:4:34:Infinity": 9,
        "s:32:6:34:Infinity": 10,
        "b:33:15:33:34:33:34:33:Infinity": 4,
        "s:37:4:37:Infinity": 11
      }
    }
  },
  "/home/claw/.paperclip/instances/default/projects/c7ecff56-aed4-4103-bb75-af2b584b06a4/a8c3a85f-2c69-45cb-a8e0-7dbb21faf9b9/Omni/src/middleware/validation.ts": {
    "path": "/home/claw/.paperclip/instances/default/projects/c7ecff56-aed4-4103-bb75-af2b584b06a4/a8c3a85f-2c69-45cb-a8e0-7dbb21faf9b9/Omni/src/middleware/validation.ts",
    "statementMap": {
      "0": {
        "start": { "line": 4, "column": 13 },
        "end": { "line": 15, "column": null }
      },
      "1": {
        "start": { "line": 5, "column": 2 },
        "end": { "line": 15, "column": null }
      },
      "2": {
        "start": { "line": 6, "column": 4 },
        "end": { "line": 15, "column": null }
      },
      "3": {
        "start": { "line": 7, "column": 6 },
        "end": { "line": 7, "column": null }
      },
      "4": {
        "start": { "line": 8, "column": 6 },
        "end": { "line": 8, "column": null }
      },
      "5": {
        "start": { "line": 10, "column": 6 },
        "end": { "line": 15, "column": null }
      },
      "6": {
        "start": { "line": 12, "column": 51 },
        "end": { "line": 12, "column": 65 }
      },
      "7": {
        "start": { "line": 20, "column": 13 },
        "end": { "line": 31, "column": null }
      },
      "8": {
        "start": { "line": 21, "column": 2 },
        "end": { "line": 31, "column": null }
      },
      "9": {
        "start": { "line": 22, "column": 4 },
        "end": { "line": 31, "column": null }
      },
      "10": {
        "start": { "line": 23, "column": 6 },
        "end": { "line": 23, "column": null }
      },
      "11": {
        "start": { "line": 24, "column": 6 },
        "end": { "line": 24, "column": null }
      },
      "12": {
        "start": { "line": 26, "column": 6 },
        "end": { "line": 31, "column": null }
      },
      "13": {
        "start": { "line": 28, "column": 51 },
        "end": { "line": 28, "column": 65 }
      },
      "14": {
        "start": { "line": 36, "column": 13 },
        "end": { "line": 47, "column": null }
      },
      "15": {
        "start": { "line": 37, "column": 2 },
        "end": { "line": 47, "column": null }
      },
      "16": {
        "start": { "line": 38, "column": 4 },
        "end": { "line": 47, "column": null }
      },
      "17": {
        "start": { "line": 39, "column": 6 },
        "end": { "line": 39, "column": null }
      },
      "18": {
        "start": { "line": 40, "column": 6 },
        "end": { "line": 40, "column": null }
      },
      "19": {
        "start": { "line": 42, "column": 6 },
        "end": { "line": 47, "column": null }
      },
      "20": {
        "start": { "line": 44, "column": 51 },
        "end": { "line": 44, "column": 65 }
      }
    },
    "fnMap": {
      "0": {
        "name": "(anonymous_0)",
        "decl": {
          "start": { "line": 4, "column": 13 },
          "end": { "line": 4, "column": 25 }
        },
        "loc": {
          "start": { "line": 4, "column": 47 },
          "end": { "line": 15, "column": null }
        },
        "line": 4
      },
      "1": {
        "name": "(anonymous_1)",
        "decl": {
          "start": { "line": 5, "column": 2 },
          "end": { "line": 5, "column": 10 }
        },
        "loc": {
          "start": { "line": 5, "column": 62 },
          "end": { "line": 15, "column": null }
        },
        "line": 5
      },
      "2": {
        "name": "(anonymous_2)",
        "decl": {
          "start": { "line": 12, "column": 31 },
          "end": { "line": 12, "column": 36 }
        },
        "loc": {
          "start": { "line": 12, "column": 51 },
          "end": { "line": 12, "column": 65 }
        },
        "line": 12
      },
      "3": {
        "name": "(anonymous_3)",
        "decl": {
          "start": { "line": 20, "column": 13 },
          "end": { "line": 20, "column": 30 }
        },
        "loc": {
          "start": { "line": 20, "column": 52 },
          "end": { "line": 31, "column": null }
        },
        "line": 20
      },
      "4": {
        "name": "(anonymous_4)",
        "decl": {
          "start": { "line": 21, "column": 2 },
          "end": { "line": 21, "column": 10 }
        },
        "loc": {
          "start": { "line": 21, "column": 62 },
          "end": { "line": 31, "column": null }
        },
        "line": 21
      },
      "5": {
        "name": "(anonymous_5)",
        "decl": {
          "start": { "line": 28, "column": 31 },
          "end": { "line": 28, "column": 36 }
        },
        "loc": {
          "start": { "line": 28, "column": 51 },
          "end": { "line": 28, "column": 65 }
        },
        "line": 28
      },
      "6": {
        "name": "(anonymous_6)",
        "decl": {
          "start": { "line": 36, "column": 13 },
          "end": { "line": 36, "column": 31 }
        },
        "loc": {
          "start": { "line": 36, "column": 53 },
          "end": { "line": 47, "column": null }
        },
        "line": 36
      },
      "7": {
        "name": "(anonymous_7)",
        "decl": {
          "start": { "line": 37, "column": 2 },
          "end": { "line": 37, "column": 10 }
        },
        "loc": {
          "start": { "line": 37, "column": 62 },
          "end": { "line": 47, "column": null }
        },
        "line": 37
      },
      "8": {
        "name": "(anonymous_8)",
        "decl": {
          "start": { "line": 44, "column": 31 },
          "end": { "line": 44, "column": 36 }
        },
        "loc": {
          "start": { "line": 44, "column": 51 },
          "end": { "line": 44, "column": 65 }
        },
        "line": 44
      }
    },
    "branchMap": {
      "0": {
        "loc": {
          "start": { "line": 12, "column": 17 },
          "end": { "line": 13, "column": null }
        },
        "type": "binary-expr",
        "locations": [
          {
            "start": { "line": 12, "column": 17 },
            "end": { "line": 12, "column": 65 }
          },
          {
            "start": { "line": 12, "column": 69 },
            "end": { "line": 13, "column": null }
          }
        ],
        "line": 12
      },
      "1": {
        "loc": {
          "start": { "line": 28, "column": 17 },
          "end": { "line": 29, "column": null }
        },
        "type": "binary-expr",
        "locations": [
          {
            "start": { "line": 28, "column": 17 },
            "end": { "line": 28, "column": 65 }
          },
          {
            "start": { "line": 28, "column": 69 },
            "end": { "line": 29, "column": null }
          }
        ],
        "line": 28
      },
      "2": {
        "loc": {
          "start": { "line": 44, "column": 17 },
          "end": { "line": 45, "column": null }
        },
        "type": "binary-expr",
        "locations": [
          {
            "start": { "line": 44, "column": 17 },
            "end": { "line": 44, "column": 65 }
          },
          {
            "start": { "line": 44, "column": 69 },
            "end": { "line": 45, "column": null }
          }
        ],
        "line": 44
      }
    },
    "s": {
      "0": 3,
      "1": 12,
      "2": 133,
      "3": 133,
      "4": 133,
      "5": 2,
      "6": 2,
      "7": 3,
      "8": 0,
      "9": 0,
      "10": 0,
      "11": 0,
      "12": 0,
      "13": 0,
      "14": 3,
      "15": 18,
      "16": 19,
      "17": 19,
      "18": 19,
      "19": 0,
      "20": 0
    },
    "f": {
      "0": 12,
      "1": 133,
      "2": 2,
      "3": 0,
      "4": 0,
      "5": 0,
      "6": 18,
      "7": 19,
      "8": 0
    },
    "b": { "0": [2, 0], "1": [0, 0], "2": [0, 0] },
    "meta": {
      "lastBranch": 3,
      "lastFunction": 9,
      "lastStatement": 21,
      "seen": {
        "s:4:13:15:Infinity": 0,
        "f:4:13:4:25": 0,
        "s:5:2:15:Infinity": 1,
        "f:5:2:5:10": 1,
        "s:6:4:15:Infinity": 2,
        "s:7:6:7:Infinity": 3,
        "s:8:6:8:Infinity": 4,
        "s:10:6:15:Infinity": 5,
        "b:12:17:12:65:12:69:13:Infinity": 0,
        "f:12:31:12:36": 2,
        "s:12:51:12:65": 6,
        "s:20:13:31:Infinity": 7,
        "f:20:13:20:30": 3,
        "s:21:2:31:Infinity": 8,
        "f:21:2:21:10": 4,
        "s:22:4:31:Infinity": 9,
        "s:23:6:23:Infinity": 10,
        "s:24:6:24:Infinity": 11,
        "s:26:6:31:Infinity": 12,
        "b:28:17:28:65:28:69:29:Infinity": 1,
        "f:28:31:28:36": 5,
        "s:28:51:28:65": 13,
        "s:36:13:47:Infinity": 14,
        "f:36:13:36:31": 6,
        "s:37:2:47:Infinity": 15,
        "f:37:2:37:10": 7,
        "s:38:4:47:Infinity": 16,
        "s:39:6:39:Infinity": 17,
        "s:40:6:40:Infinity": 18,
        "s:42:6:47:Infinity": 19,
        "b:44:17:44:65:44:69:45:Infinity": 2,
        "f:44:31:44:36": 8,
        "s:44:51:44:65": 20
      }
    }
  },
  "/home/claw/.paperclip/instances/default/projects/c7ecff56-aed4-4103-bb75-af2b584b06a4/a8c3a85f-2c69-45cb-a8e0-7dbb21faf9b9/Omni/src/routes/ai.ts": {
    "path": "/home/claw/.paperclip/instances/default/projects/c7ecff56-aed4-4103-bb75-af2b584b06a4/a8c3a85f-2c69-45cb-a8e0-7dbb21faf9b9/Omni/src/routes/ai.ts",
    "statementMap": {
      "0": {
        "start": { "line": 5, "column": 6 },
        "end": { "line": 5, "column": 23 }
      },
      "1": {
        "start": { "line": 7, "column": 57 },
        "end": { "line": 7, "column": null }
      },
      "2": {
        "start": { "line": 9, "column": 6 },
        "end": { "line": 13, "column": null }
      },
      "3": {
        "start": { "line": 10, "column": 2 },
        "end": { "line": 11, "column": null }
      },
      "4": {
        "start": { "line": 11, "column": 4 },
        "end": { "line": 11, "column": null }
      },
      "5": {
        "start": { "line": 13, "column": 2 },
        "end": { "line": 13, "column": null }
      },
      "6": {
        "start": { "line": 16, "column": 0 },
        "end": { "line": 16, "column": null }
      },
      "7": {
        "start": { "line": 23, "column": 0 },
        "end": { "line": 38, "column": null }
      },
      "8": {
        "start": { "line": 24, "column": 2 },
        "end": { "line": 36, "column": null }
      },
      "9": {
        "start": { "line": 25, "column": 35 },
        "end": { "line": 25, "column": null }
      },
      "10": {
        "start": { "line": 27, "column": 4 },
        "end": { "line": 28, "column": null }
      },
      "11": {
        "start": { "line": 28, "column": 6 },
        "end": { "line": 28, "column": null }
      },
      "12": {
        "start": { "line": 31, "column": 19 },
        "end": { "line": 31, "column": 32 }
      },
      "13": {
        "start": { "line": 32, "column": 21 },
        "end": { "line": 32, "column": 65 }
      },
      "14": {
        "start": { "line": 33, "column": 4 },
        "end": { "line": 33, "column": null }
      },
      "15": {
        "start": { "line": 35, "column": 4 },
        "end": { "line": 35, "column": null }
      },
      "16": {
        "start": { "line": 36, "column": 4 },
        "end": { "line": 36, "column": null }
      },
      "17": {
        "start": { "line": 40, "column": 0 },
        "end": { "line": 56, "column": null }
      },
      "18": {
        "start": { "line": 41, "column": 2 },
        "end": { "line": 54, "column": null }
      },
      "19": {
        "start": { "line": 42, "column": 24 },
        "end": { "line": 42, "column": null }
      },
      "20": {
        "start": { "line": 44, "column": 4 },
        "end": { "line": 45, "column": null }
      },
      "21": {
        "start": { "line": 45, "column": 6 },
        "end": { "line": 45, "column": null }
      },
      "22": {
        "start": { "line": 48, "column": 19 },
        "end": { "line": 48, "column": 32 }
      },
      "23": {
        "start": { "line": 49, "column": 21 },
        "end": { "line": 49, "column": 76 }
      },
      "24": {
        "start": { "line": 51, "column": 4 },
        "end": { "line": 51, "column": null }
      },
      "25": {
        "start": { "line": 53, "column": 4 },
        "end": { "line": 53, "column": null }
      },
      "26": {
        "start": { "line": 54, "column": 4 },
        "end": { "line": 54, "column": null }
      }
    },
    "fnMap": {
      "0": {
        "name": "(anonymous_0)",
        "decl": {
          "start": { "line": 9, "column": 6 },
          "end": { "line": 9, "column": 26 }
        },
        "loc": {
          "start": { "line": 9, "column": 26 },
          "end": { "line": 13, "column": null }
        },
        "line": 9
      },
      "1": {
        "name": "(anonymous_1)",
        "decl": {
          "start": { "line": 23, "column": 29 },
          "end": { "line": 23, "column": 36 }
        },
        "loc": {
          "start": { "line": 23, "column": 72 },
          "end": { "line": 38, "column": null }
        },
        "line": 23
      },
      "2": {
        "name": "(anonymous_2)",
        "decl": {
          "start": { "line": 40, "column": 21 },
          "end": { "line": 40, "column": 28 }
        },
        "loc": {
          "start": { "line": 40, "column": 64 },
          "end": { "line": 56, "column": null }
        },
        "line": 40
      }
    },
    "branchMap": {
      "0": {
        "loc": {
          "start": { "line": 10, "column": 2 },
          "end": { "line": 11, "column": null }
        },
        "type": "if",
        "locations": [
          {
            "start": { "line": 10, "column": 2 },
            "end": { "line": 11, "column": null }
          },
          { "start": {}, "end": {} }
        ],
        "line": 10
      },
      "1": {
        "loc": {
          "start": { "line": 27, "column": 4 },
          "end": { "line": 28, "column": null }
        },
        "type": "if",
        "locations": [
          {
            "start": { "line": 27, "column": 4 },
            "end": { "line": 28, "column": null }
          },
          { "start": {}, "end": {} }
        ],
        "line": 27
      },
      "2": {
        "loc": {
          "start": { "line": 44, "column": 4 },
          "end": { "line": 45, "column": null }
        },
        "type": "if",
        "locations": [
          {
            "start": { "line": 44, "column": 4 },
            "end": { "line": 45, "column": null }
          },
          { "start": {}, "end": {} }
        ],
        "line": 44
      }
    },
    "s": {
      "0": 2,
      "1": 2,
      "2": 2,
      "3": 2,
      "4": 1,
      "5": 2,
      "6": 2,
      "7": 2,
      "8": 3,
      "9": 3,
      "10": 3,
      "11": 2,
      "12": 1,
      "13": 1,
      "14": 1,
      "15": 0,
      "16": 0,
      "17": 2,
      "18": 3,
      "19": 3,
      "20": 3,
      "21": 2,
      "22": 1,
      "23": 1,
      "24": 1,
      "25": 0,
      "26": 0
    },
    "f": { "0": 2, "1": 3, "2": 3 },
    "b": { "0": [1, 1], "1": [2, 1], "2": [2, 1] },
    "meta": {
      "lastBranch": 3,
      "lastFunction": 3,
      "lastStatement": 27,
      "seen": {
        "s:5:6:5:23": 0,
        "s:7:57:7:Infinity": 1,
        "s:9:6:13:Infinity": 2,
        "f:9:6:9:26": 0,
        "b:10:2:11:Infinity:undefined:undefined:undefined:undefined": 0,
        "s:10:2:11:Infinity": 3,
        "s:11:4:11:Infinity": 4,
        "s:13:2:13:Infinity": 5,
        "s:16:0:16:Infinity": 6,
        "s:23:0:38:Infinity": 7,
        "f:23:29:23:36": 1,
        "s:24:2:36:Infinity": 8,
        "s:25:35:25:Infinity": 9,
        "b:27:4:28:Infinity:undefined:undefined:undefined:undefined": 1,
        "s:27:4:28:Infinity": 10,
        "s:28:6:28:Infinity": 11,
        "s:31:19:31:32": 12,
        "s:32:21:32:65": 13,
        "s:33:4:33:Infinity": 14,
        "s:35:4:35:Infinity": 15,
        "s:36:4:36:Infinity": 16,
        "s:40:0:56:Infinity": 17,
        "f:40:21:40:28": 2,
        "s:41:2:54:Infinity": 18,
        "s:42:24:42:Infinity": 19,
        "b:44:4:45:Infinity:undefined:undefined:undefined:undefined": 2,
        "s:44:4:45:Infinity": 20,
        "s:45:6:45:Infinity": 21,
        "s:48:19:48:32": 22,
        "s:49:21:49:76": 23,
        "s:51:4:51:Infinity": 24,
        "s:53:4:53:Infinity": 25,
        "s:54:4:54:Infinity": 26
      }
    }
  },
  "/home/claw/.paperclip/instances/default/projects/c7ecff56-aed4-4103-bb75-af2b584b06a4/a8c3a85f-2c69-45cb-a8e0-7dbb21faf9b9/Omni/src/routes/auth.ts": {
    "path": "/home/claw/.paperclip/instances/default/projects/c7ecff56-aed4-4103-bb75-af2b584b06a4/a8c3a85f-2c69-45cb-a8e0-7dbb21faf9b9/Omni/src/routes/auth.ts",
    "statementMap": {
      "0": {
        "start": { "line": 25, "column": 6 },
        "end": { "line": 29, "column": 2 }
      },
      "1": {
        "start": { "line": 32, "column": 6 },
        "end": { "line": 36, "column": 2 }
      },
      "2": {
        "start": { "line": 38, "column": 6 },
        "end": { "line": 38, "column": 23 }
      },
      "3": {
        "start": { "line": 41, "column": 0 },
        "end": { "line": 105, "column": null }
      },
      "4": {
        "start": { "line": 42, "column": 2 },
        "end": { "line": 103, "column": null }
      },
      "5": {
        "start": { "line": 43, "column": 22 },
        "end": { "line": 43, "column": 56 }
      },
      "6": {
        "start": { "line": 44, "column": 4 },
        "end": { "line": 48, "column": null }
      },
      "7": {
        "start": { "line": 45, "column": 6 },
        "end": { "line": 48, "column": null }
      },
      "8": {
        "start": { "line": 47, "column": 53 },
        "end": { "line": 47, "column": null }
      },
      "9": {
        "start": { "line": 50, "column": 38 },
        "end": { "line": 50, "column": null }
      },
      "10": {
        "start": { "line": 53, "column": 25 },
        "end": { "line": 55, "column": 6 }
      },
      "11": {
        "start": { "line": 56, "column": 4 },
        "end": { "line": 59, "column": null }
      },
      "12": {
        "start": { "line": 57, "column": 6 },
        "end": { "line": 59, "column": null }
      },
      "13": {
        "start": { "line": 63, "column": 23 },
        "end": { "line": 63, "column": null }
      },
      "14": {
        "start": { "line": 64, "column": 27 },
        "end": { "line": 64, "column": 66 }
      },
      "15": {
        "start": { "line": 67, "column": 10 },
        "end": { "line": 67, "column": 36 }
      },
      "16": {
        "start": { "line": 70, "column": 4 },
        "end": { "line": 73, "column": null }
      },
      "17": {
        "start": { "line": 76, "column": 19 },
        "end": { "line": 78, "column": null }
      },
      "18": {
        "start": { "line": 81, "column": 17 },
        "end": { "line": 81, "column": null }
      },
      "19": {
        "start": { "line": 84, "column": 18 },
        "end": { "line": 87, "column": null }
      },
      "20": {
        "start": { "line": 90, "column": 4 },
        "end": { "line": 100, "column": null }
      },
      "21": {
        "start": { "line": 102, "column": 4 },
        "end": { "line": 102, "column": null }
      },
      "22": {
        "start": { "line": 103, "column": 4 },
        "end": { "line": 103, "column": null }
      },
      "23": {
        "start": { "line": 108, "column": 0 },
        "end": { "line": 206, "column": null }
      },
      "24": {
        "start": { "line": 109, "column": 2 },
        "end": { "line": 204, "column": null }
      },
      "25": {
        "start": { "line": 110, "column": 22 },
        "end": { "line": 110, "column": 53 }
      },
      "26": {
        "start": { "line": 111, "column": 4 },
        "end": { "line": 125, "column": null }
      },
      "27": {
        "start": { "line": 113, "column": 17 },
        "end": { "line": 113, "column": null }
      },
      "28": {
        "start": { "line": 114, "column": 24 },
        "end": { "line": 114, "column": null }
      },
      "29": {
        "start": { "line": 115, "column": 6 },
        "end": { "line": 121, "column": null }
      },
      "30": {
        "start": { "line": 122, "column": 6 },
        "end": { "line": 125, "column": null }
      },
      "31": {
        "start": { "line": 124, "column": 53 },
        "end": { "line": 124, "column": null }
      },
      "32": {
        "start": { "line": 127, "column": 32 },
        "end": { "line": 127, "column": null }
      },
      "33": {
        "start": { "line": 130, "column": 15 },
        "end": { "line": 130, "column": null }
      },
      "34": {
        "start": { "line": 131, "column": 22 },
        "end": { "line": 131, "column": null }
      },
      "35": {
        "start": { "line": 134, "column": 21 },
        "end": { "line": 134, "column": 53 }
      },
      "36": {
        "start": { "line": 135, "column": 4 },
        "end": { "line": 142, "column": null }
      },
      "37": {
        "start": { "line": 136, "column": 6 },
        "end": { "line": 138, "column": null }
      },
      "38": {
        "start": { "line": 139, "column": 6 },
        "end": { "line": 142, "column": null }
      },
      "39": {
        "start": { "line": 146, "column": 19 },
        "end": { "line": 148, "column": null }
      },
      "40": {
        "start": { "line": 151, "column": 4 },
        "end": { "line": 157, "column": null }
      },
      "41": {
        "start": { "line": 153, "column": 6 },
        "end": { "line": 153, "column": null }
      },
      "42": {
        "start": { "line": 154, "column": 6 },
        "end": { "line": 156, "column": null }
      },
      "43": {
        "start": { "line": 157, "column": 6 },
        "end": { "line": 157, "column": null }
      },
      "44": {
        "start": { "line": 160, "column": 17 },
        "end": { "line": 160, "column": null }
      },
      "45": {
        "start": { "line": 163, "column": 28 },
        "end": { "line": 163, "column": 78 }
      },
      "46": {
        "start": { "line": 164, "column": 4 },
        "end": { "line": 173, "column": null }
      },
      "47": {
        "start": { "line": 165, "column": 6 },
        "end": { "line": 165, "column": null }
      },
      "48": {
        "start": { "line": 166, "column": 6 },
        "end": { "line": 172, "column": null }
      },
      "49": {
        "start": { "line": 173, "column": 6 },
        "end": { "line": 173, "column": null }
      },
      "50": {
        "start": { "line": 177, "column": 4 },
        "end": { "line": 177, "column": null }
      },
      "51": {
        "start": { "line": 180, "column": 18 },
        "end": { "line": 183, "column": null }
      },
      "52": {
        "start": { "line": 187, "column": 4 },
        "end": { "line": 189, "column": null }
      },
      "53": {
        "start": { "line": 191, "column": 4 },
        "end": { "line": 201, "column": null }
      },
      "54": {
        "start": { "line": 203, "column": 4 },
        "end": { "line": 203, "column": null }
      },
      "55": {
        "start": { "line": 204, "column": 4 },
        "end": { "line": 204, "column": null }
      },
      "56": {
        "start": { "line": 209, "column": 0 },
        "end": { "line": 243, "column": null }
      },
      "57": {
        "start": { "line": 210, "column": 2 },
        "end": { "line": 241, "column": null }
      },
      "58": {
        "start": { "line": 211, "column": 20 },
        "end": { "line": 211, "column": null }
      },
      "59": {
        "start": { "line": 212, "column": 19 },
        "end": { "line": 212, "column": null }
      },
      "60": {
        "start": { "line": 214, "column": 4 },
        "end": { "line": 215, "column": null }
      },
      "61": {
        "start": { "line": 215, "column": 6 },
        "end": { "line": 215, "column": null }
      },
      "62": {
        "start": { "line": 218, "column": 19 },
        "end": { "line": 220, "column": null }
      },
      "63": {
        "start": { "line": 223, "column": 4 },
        "end": { "line": 224, "column": null }
      },
      "64": {
        "start": { "line": 224, "column": 6 },
        "end": { "line": 224, "column": null }
      },
      "65": {
        "start": { "line": 227, "column": 17 },
        "end": { "line": 227, "column": null }
      },
      "66": {
        "start": { "line": 229, "column": 4 },
        "end": { "line": 238, "column": null }
      },
      "67": {
        "start": { "line": 240, "column": 4 },
        "end": { "line": 240, "column": null }
      },
      "68": {
        "start": { "line": 241, "column": 4 },
        "end": { "line": 241, "column": null }
      },
      "69": {
        "start": { "line": 246, "column": 0 },
        "end": { "line": 323, "column": null }
      },
      "70": {
        "start": { "line": 247, "column": 2 },
        "end": { "line": 321, "column": null }
      },
      "71": {
        "start": { "line": 248, "column": 22 },
        "end": { "line": 248, "column": 62 }
      },
      "72": {
        "start": { "line": 251, "column": 15 },
        "end": { "line": 251, "column": null }
      },
      "73": {
        "start": { "line": 252, "column": 22 },
        "end": { "line": 252, "column": null }
      },
      "74": {
        "start": { "line": 254, "column": 4 },
        "end": { "line": 258, "column": null }
      },
      "75": {
        "start": { "line": 255, "column": 6 },
        "end": { "line": 258, "column": null }
      },
      "76": {
        "start": { "line": 257, "column": 53 },
        "end": { "line": 257, "column": null }
      },
      "77": {
        "start": { "line": 261, "column": 22 },
        "end": { "line": 261, "column": null }
      },
      "78": {
        "start": { "line": 264, "column": 26 },
        "end": { "line": 264, "column": 65 }
      },
      "79": {
        "start": { "line": 265, "column": 4 },
        "end": { "line": 271, "column": null }
      },
      "80": {
        "start": { "line": 266, "column": 6 },
        "end": { "line": 268, "column": null }
      },
      "81": {
        "start": { "line": 269, "column": 6 },
        "end": { "line": 271, "column": null }
      },
      "82": {
        "start": { "line": 275, "column": 23 },
        "end": { "line": 277, "column": 6 }
      },
      "83": {
        "start": { "line": 279, "column": 4 },
        "end": { "line": 311, "column": null }
      },
      "84": {
        "start": { "line": 281, "column": 19 },
        "end": { "line": 281, "column": null }
      },
      "85": {
        "start": { "line": 282, "column": 12 },
        "end": { "line": 282, "column": 43 }
      },
      "86": {
        "start": { "line": 283, "column": 24 },
        "end": { "line": 283, "column": 46 }
      },
      "87": {
        "start": { "line": 286, "column": 24 },
        "end": { "line": 286, "column": 61 }
      },
      "88": {
        "start": { "line": 289, "column": 6 },
        "end": { "line": 293, "column": null }
      },
      "89": {
        "start": { "line": 296, "column": 6 },
        "end": { "line": 298, "column": null }
      },
      "90": {
        "start": { "line": 302, "column": 6 },
        "end": { "line": 302, "column": null }
      },
      "91": {
        "start": { "line": 305, "column": 6 },
        "end": { "line": 311, "column": null }
      },
      "92": {
        "start": { "line": 315, "column": 4 },
        "end": { "line": 318, "column": null }
      },
      "93": {
        "start": { "line": 320, "column": 4 },
        "end": { "line": 320, "column": null }
      },
      "94": {
        "start": { "line": 321, "column": 4 },
        "end": { "line": 321, "column": null }
      },
      "95": {
        "start": { "line": 326, "column": 0 },
        "end": { "line": 401, "column": null }
      },
      "96": {
        "start": { "line": 327, "column": 2 },
        "end": { "line": 399, "column": null }
      },
      "97": {
        "start": { "line": 328, "column": 22 },
        "end": { "line": 328, "column": 61 }
      },
      "98": {
        "start": { "line": 331, "column": 15 },
        "end": { "line": 331, "column": null }
      },
      "99": {
        "start": { "line": 332, "column": 22 },
        "end": { "line": 332, "column": null }
      },
      "100": {
        "start": { "line": 334, "column": 4 },
        "end": { "line": 338, "column": null }
      },
      "101": {
        "start": { "line": 335, "column": 6 },
        "end": { "line": 338, "column": null }
      },
      "102": {
        "start": { "line": 337, "column": 53 },
        "end": { "line": 337, "column": null }
      },
      "103": {
        "start": { "line": 341, "column": 35 },
        "end": { "line": 341, "column": null }
      },
      "104": {
        "start": { "line": 345, "column": 24 },
        "end": { "line": 349, "column": null }
      },
      "105": {
        "start": { "line": 352, "column": 30 },
        "end": { "line": 352, "column": null }
      },
      "106": {
        "start": { "line": 353, "column": 4 },
        "end": { "line": 357, "column": null }
      },
      "107": {
        "start": { "line": 354, "column": 22 },
        "end": { "line": 354, "column": 65 }
      },
      "108": {
        "start": { "line": 355, "column": 6 },
        "end": { "line": 357, "column": null }
      },
      "109": {
        "start": { "line": 356, "column": 8 },
        "end": { "line": 356, "column": null }
      },
      "110": {
        "start": { "line": 357, "column": 8 },
        "end": { "line": 357, "column": null }
      },
      "111": {
        "start": { "line": 361, "column": 4 },
        "end": { "line": 369, "column": null }
      },
      "112": {
        "start": { "line": 362, "column": 6 },
        "end": { "line": 368, "column": null }
      },
      "113": {
        "start": { "line": 369, "column": 6 },
        "end": { "line": 369, "column": null }
      },
      "114": {
        "start": { "line": 373, "column": 27 },
        "end": { "line": 373, "column": 61 }
      },
      "115": {
        "start": { "line": 376, "column": 4 },
        "end": { "line": 379, "column": null }
      },
      "116": {
        "start": { "line": 382, "column": 4 },
        "end": { "line": 385, "column": null }
      },
      "117": {
        "start": { "line": 388, "column": 4 },
        "end": { "line": 394, "column": null }
      },
      "118": {
        "start": { "line": 396, "column": 4 },
        "end": { "line": 396, "column": null }
      },
      "119": {
        "start": { "line": 398, "column": 4 },
        "end": { "line": 398, "column": null }
      },
      "120": {
        "start": { "line": 399, "column": 4 },
        "end": { "line": 399, "column": null }
      },
      "121": {
        "start": { "line": 404, "column": 0 },
        "end": { "line": 407, "column": null }
      },
      "122": {
        "start": { "line": 406, "column": 2 },
        "end": { "line": 406, "column": null }
      }
    },
    "fnMap": {
      "0": {
        "name": "(anonymous_0)",
        "decl": {
          "start": { "line": 41, "column": 40 },
          "end": { "line": 41, "column": 47 }
        },
        "loc": {
          "start": { "line": 41, "column": 60 },
          "end": { "line": 105, "column": null }
        },
        "line": 41
      },
      "1": {
        "name": "(anonymous_1)",
        "decl": {
          "start": { "line": 47, "column": 40 },
          "end": { "line": 47, "column": 44 }
        },
        "loc": {
          "start": { "line": 47, "column": 53 },
          "end": { "line": 47, "column": null }
        },
        "line": 47
      },
      "2": {
        "name": "(anonymous_2)",
        "decl": {
          "start": { "line": 108, "column": 37 },
          "end": { "line": 108, "column": 44 }
        },
        "loc": {
          "start": { "line": 108, "column": 57 },
          "end": { "line": 206, "column": null }
        },
        "line": 108
      },
      "3": {
        "name": "(anonymous_3)",
        "decl": {
          "start": { "line": 124, "column": 40 },
          "end": { "line": 124, "column": 44 }
        },
        "loc": {
          "start": { "line": 124, "column": 53 },
          "end": { "line": 124, "column": null }
        },
        "line": 124
      },
      "4": {
        "name": "(anonymous_4)",
        "decl": {
          "start": { "line": 209, "column": 37 },
          "end": { "line": 209, "column": 44 }
        },
        "loc": {
          "start": { "line": 209, "column": 57 },
          "end": { "line": 243, "column": null }
        },
        "line": 209
      },
      "5": {
        "name": "(anonymous_5)",
        "decl": {
          "start": { "line": 246, "column": 56 },
          "end": { "line": 246, "column": 63 }
        },
        "loc": {
          "start": { "line": 246, "column": 76 },
          "end": { "line": 323, "column": null }
        },
        "line": 246
      },
      "6": {
        "name": "(anonymous_6)",
        "decl": {
          "start": { "line": 257, "column": 40 },
          "end": { "line": 257, "column": 44 }
        },
        "loc": {
          "start": { "line": 257, "column": 53 },
          "end": { "line": 257, "column": null }
        },
        "line": 257
      },
      "7": {
        "name": "(anonymous_7)",
        "decl": {
          "start": { "line": 326, "column": 46 },
          "end": { "line": 326, "column": 53 }
        },
        "loc": {
          "start": { "line": 326, "column": 66 },
          "end": { "line": 401, "column": null }
        },
        "line": 326
      },
      "8": {
        "name": "(anonymous_8)",
        "decl": {
          "start": { "line": 337, "column": 40 },
          "end": { "line": 337, "column": 44 }
        },
        "loc": {
          "start": { "line": 337, "column": 53 },
          "end": { "line": 337, "column": null }
        },
        "line": 337
      },
      "9": {
        "name": "(anonymous_9)",
        "decl": {
          "start": { "line": 404, "column": 23 },
          "end": { "line": 404, "column": 30 }
        },
        "loc": {
          "start": { "line": 404, "column": 43 },
          "end": { "line": 407, "column": null }
        },
        "line": 404
      }
    },
    "branchMap": {
      "0": {
        "loc": {
          "start": { "line": 44, "column": 4 },
          "end": { "line": 48, "column": null }
        },
        "type": "if",
        "locations": [
          {
            "start": { "line": 44, "column": 4 },
            "end": { "line": 48, "column": null }
          },
          { "start": {}, "end": {} }
        ],
        "line": 44
      },
      "1": {
        "loc": {
          "start": { "line": 56, "column": 4 },
          "end": { "line": 59, "column": null }
        },
        "type": "if",
        "locations": [
          {
            "start": { "line": 56, "column": 4 },
            "end": { "line": 59, "column": null }
          },
          { "start": {}, "end": {} }
        ],
        "line": 56
      },
      "2": {
        "loc": {
          "start": { "line": 111, "column": 4 },
          "end": { "line": 125, "column": null }
        },
        "type": "if",
        "locations": [
          {
            "start": { "line": 111, "column": 4 },
            "end": { "line": 125, "column": null }
          },
          { "start": {}, "end": {} }
        ],
        "line": 111
      },
      "3": {
        "loc": {
          "start": { "line": 113, "column": 17 },
          "end": { "line": 113, "column": null }
        },
        "type": "binary-expr",
        "locations": [
          {
            "start": { "line": 113, "column": 17 },
            "end": { "line": 113, "column": 27 }
          },
          {
            "start": { "line": 113, "column": 27 },
            "end": { "line": 113, "column": 56 }
          },
          {
            "start": { "line": 113, "column": 60 },
            "end": { "line": 113, "column": null }
          }
        ],
        "line": 113
      },
      "4": {
        "loc": {
          "start": { "line": 114, "column": 24 },
          "end": { "line": 114, "column": null }
        },
        "type": "binary-expr",
        "locations": [
          {
            "start": { "line": 114, "column": 24 },
            "end": { "line": 114, "column": 48 }
          },
          {
            "start": { "line": 114, "column": 52 },
            "end": { "line": 114, "column": null }
          }
        ],
        "line": 114
      },
      "5": {
        "loc": {
          "start": { "line": 130, "column": 15 },
          "end": { "line": 130, "column": null }
        },
        "type": "binary-expr",
        "locations": [
          {
            "start": { "line": 130, "column": 15 },
            "end": { "line": 130, "column": 25 }
          },
          {
            "start": { "line": 130, "column": 25 },
            "end": { "line": 130, "column": 54 }
          },
          {
            "start": { "line": 130, "column": 58 },
            "end": { "line": 130, "column": null }
          }
        ],
        "line": 130
      },
      "6": {
        "loc": {
          "start": { "line": 131, "column": 22 },
          "end": { "line": 131, "column": null }
        },
        "type": "binary-expr",
        "locations": [
          {
            "start": { "line": 131, "column": 22 },
            "end": { "line": 131, "column": 46 }
          },
          {
            "start": { "line": 131, "column": 50 },
            "end": { "line": 131, "column": null }
          }
        ],
        "line": 131
      },
      "7": {
        "loc": {
          "start": { "line": 135, "column": 4 },
          "end": { "line": 142, "column": null }
        },
        "type": "if",
        "locations": [
          {
            "start": { "line": 135, "column": 4 },
            "end": { "line": 142, "column": null }
          },
          { "start": {}, "end": {} }
        ],
        "line": 135
      },
      "8": {
        "loc": {
          "start": { "line": 151, "column": 4 },
          "end": { "line": 157, "column": null }
        },
        "type": "if",
        "locations": [
          {
            "start": { "line": 151, "column": 4 },
            "end": { "line": 157, "column": null }
          },
          { "start": {}, "end": {} }
        ],
        "line": 151
      },
      "9": {
        "loc": {
          "start": { "line": 164, "column": 4 },
          "end": { "line": 173, "column": null }
        },
        "type": "if",
        "locations": [
          {
            "start": { "line": 164, "column": 4 },
            "end": { "line": 173, "column": null }
          },
          { "start": {}, "end": {} }
        ],
        "line": 164
      },
      "10": {
        "loc": {
          "start": { "line": 214, "column": 4 },
          "end": { "line": 215, "column": null }
        },
        "type": "if",
        "locations": [
          {
            "start": { "line": 214, "column": 4 },
            "end": { "line": 215, "column": null }
          },
          { "start": {}, "end": {} }
        ],
        "line": 214
      },
      "11": {
        "loc": {
          "start": { "line": 223, "column": 4 },
          "end": { "line": 224, "column": null }
        },
        "type": "if",
        "locations": [
          {
            "start": { "line": 223, "column": 4 },
            "end": { "line": 224, "column": null }
          },
          { "start": {}, "end": {} }
        ],
        "line": 223
      },
      "12": {
        "loc": {
          "start": { "line": 251, "column": 15 },
          "end": { "line": 251, "column": null }
        },
        "type": "binary-expr",
        "locations": [
          {
            "start": { "line": 251, "column": 15 },
            "end": { "line": 251, "column": 25 }
          },
          {
            "start": { "line": 251, "column": 25 },
            "end": { "line": 251, "column": 54 }
          },
          {
            "start": { "line": 251, "column": 58 },
            "end": { "line": 251, "column": null }
          }
        ],
        "line": 251
      },
      "13": {
        "loc": {
          "start": { "line": 252, "column": 22 },
          "end": { "line": 252, "column": null }
        },
        "type": "binary-expr",
        "locations": [
          {
            "start": { "line": 252, "column": 22 },
            "end": { "line": 252, "column": 46 }
          },
          {
            "start": { "line": 252, "column": 50 },
            "end": { "line": 252, "column": null }
          }
        ],
        "line": 252
      },
      "14": {
        "loc": {
          "start": { "line": 254, "column": 4 },
          "end": { "line": 258, "column": null }
        },
        "type": "if",
        "locations": [
          {
            "start": { "line": 254, "column": 4 },
            "end": { "line": 258, "column": null }
          },
          { "start": {}, "end": {} }
        ],
        "line": 254
      },
      "15": {
        "loc": {
          "start": { "line": 265, "column": 4 },
          "end": { "line": 271, "column": null }
        },
        "type": "if",
        "locations": [
          {
            "start": { "line": 265, "column": 4 },
            "end": { "line": 271, "column": null }
          },
          { "start": {}, "end": {} }
        ],
        "line": 265
      },
      "16": {
        "loc": {
          "start": { "line": 279, "column": 4 },
          "end": { "line": 311, "column": null }
        },
        "type": "if",
        "locations": [
          {
            "start": { "line": 279, "column": 4 },
            "end": { "line": 311, "column": null }
          },
          {
            "start": { "line": 303, "column": 11 },
            "end": { "line": 311, "column": null }
          }
        ],
        "line": 279
      },
      "17": {
        "loc": {
          "start": { "line": 331, "column": 15 },
          "end": { "line": 331, "column": null }
        },
        "type": "binary-expr",
        "locations": [
          {
            "start": { "line": 331, "column": 15 },
            "end": { "line": 331, "column": 25 }
          },
          {
            "start": { "line": 331, "column": 25 },
            "end": { "line": 331, "column": 54 }
          },
          {
            "start": { "line": 331, "column": 58 },
            "end": { "line": 331, "column": null }
          }
        ],
        "line": 331
      },
      "18": {
        "loc": {
          "start": { "line": 332, "column": 22 },
          "end": { "line": 332, "column": null }
        },
        "type": "binary-expr",
        "locations": [
          {
            "start": { "line": 332, "column": 22 },
            "end": { "line": 332, "column": 46 }
          },
          {
            "start": { "line": 332, "column": 50 },
            "end": { "line": 332, "column": null }
          }
        ],
        "line": 332
      },
      "19": {
        "loc": {
          "start": { "line": 334, "column": 4 },
          "end": { "line": 338, "column": null }
        },
        "type": "if",
        "locations": [
          {
            "start": { "line": 334, "column": 4 },
            "end": { "line": 338, "column": null }
          },
          { "start": {}, "end": {} }
        ],
        "line": 334
      },
      "20": {
        "loc": {
          "start": { "line": 355, "column": 6 },
          "end": { "line": 357, "column": null }
        },
        "type": "if",
        "locations": [
          {
            "start": { "line": 355, "column": 6 },
            "end": { "line": 357, "column": null }
          },
          { "start": {}, "end": {} }
        ],
        "line": 355
      },
      "21": {
        "loc": {
          "start": { "line": 361, "column": 4 },
          "end": { "line": 369, "column": null }
        },
        "type": "if",
        "locations": [
          {
            "start": { "line": 361, "column": 4 },
            "end": { "line": 369, "column": null }
          },
          { "start": {}, "end": {} }
        ],
        "line": 361
      }
    },
    "s": {
      "0": 3,
      "1": 3,
      "2": 3,
      "3": 3,
      "4": 10,
      "5": 10,
      "6": 10,
      "7": 0,
      "8": 0,
      "9": 10,
      "10": 10,
      "11": 10,
      "12": 0,
      "13": 10,
      "14": 10,
      "15": 10,
      "16": 10,
      "17": 10,
      "18": 10,
      "19": 10,
      "20": 10,
      "21": 0,
      "22": 0,
      "23": 3,
      "24": 2,
      "25": 2,
      "26": 2,
      "27": 0,
      "28": 0,
      "29": 0,
      "30": 0,
      "31": 0,
      "32": 2,
      "33": 2,
      "34": 2,
      "35": 2,
      "36": 2,
      "37": 0,
      "38": 0,
      "39": 2,
      "40": 2,
      "41": 1,
      "42": 1,
      "43": 1,
      "44": 1,
      "45": 1,
      "46": 1,
      "47": 0,
      "48": 0,
      "49": 0,
      "50": 1,
      "51": 1,
      "52": 1,
      "53": 1,
      "54": 0,
      "55": 0,
      "56": 3,
      "57": 1,
      "58": 1,
      "59": 1,
      "60": 1,
      "61": 0,
      "62": 1,
      "63": 1,
      "64": 0,
      "65": 1,
      "66": 1,
      "67": 0,
      "68": 0,
      "69": 3,
      "70": 0,
      "71": 0,
      "72": 0,
      "73": 0,
      "74": 0,
      "75": 0,
      "76": 0,
      "77": 0,
      "78": 0,
      "79": 0,
      "80": 0,
      "81": 0,
      "82": 0,
      "83": 0,
      "84": 0,
      "85": 0,
      "86": 0,
      "87": 0,
      "88": 0,
      "89": 0,
      "90": 0,
      "91": 0,
      "92": 0,
      "93": 0,
      "94": 0,
      "95": 3,
      "96": 0,
      "97": 0,
      "98": 0,
      "99": 0,
      "100": 0,
      "101": 0,
      "102": 0,
      "103": 0,
      "104": 0,
      "105": 0,
      "106": 0,
      "107": 0,
      "108": 0,
      "109": 0,
      "110": 0,
      "111": 0,
      "112": 0,
      "113": 0,
      "114": 0,
      "115": 0,
      "116": 0,
      "117": 0,
      "118": 0,
      "119": 0,
      "120": 0,
      "121": 3,
      "122": 0
    },
    "f": {
      "0": 10,
      "1": 0,
      "2": 2,
      "3": 0,
      "4": 1,
      "5": 0,
      "6": 0,
      "7": 0,
      "8": 0,
      "9": 0
    },
    "b": {
      "0": [0, 10],
      "1": [0, 10],
      "2": [0, 2],
      "3": [0, 0, 0],
      "4": [0, 0],
      "5": [2, 0, 0],
      "6": [2, 2],
      "7": [0, 2],
      "8": [1, 1],
      "9": [0, 1],
      "10": [0, 1],
      "11": [0, 1],
      "12": [0, 0, 0],
      "13": [0, 0],
      "14": [0, 0],
      "15": [0, 0],
      "16": [0, 0],
      "17": [0, 0, 0],
      "18": [0, 0],
      "19": [0, 0],
      "20": [0, 0],
      "21": [0, 0]
    },
    "meta": {
      "lastBranch": 22,
      "lastFunction": 10,
      "lastStatement": 123,
      "seen": {
        "s:25:6:29:2": 0,
        "s:32:6:36:2": 1,
        "s:38:6:38:23": 2,
        "s:41:0:105:Infinity": 3,
        "f:41:40:41:47": 0,
        "s:42:2:103:Infinity": 4,
        "s:43:22:43:56": 5,
        "b:44:4:48:Infinity:undefined:undefined:undefined:undefined": 0,
        "s:44:4:48:Infinity": 6,
        "s:45:6:48:Infinity": 7,
        "f:47:40:47:44": 1,
        "s:47:53:47:Infinity": 8,
        "s:50:38:50:Infinity": 9,
        "s:53:25:55:6": 10,
        "b:56:4:59:Infinity:undefined:undefined:undefined:undefined": 1,
        "s:56:4:59:Infinity": 11,
        "s:57:6:59:Infinity": 12,
        "s:63:23:63:Infinity": 13,
        "s:64:27:64:66": 14,
        "s:67:10:67:36": 15,
        "s:70:4:73:Infinity": 16,
        "s:76:19:78:Infinity": 17,
        "s:81:17:81:Infinity": 18,
        "s:84:18:87:Infinity": 19,
        "s:90:4:100:Infinity": 20,
        "s:102:4:102:Infinity": 21,
        "s:103:4:103:Infinity": 22,
        "s:108:0:206:Infinity": 23,
        "f:108:37:108:44": 2,
        "s:109:2:204:Infinity": 24,
        "s:110:22:110:53": 25,
        "b:111:4:125:Infinity:undefined:undefined:undefined:undefined": 2,
        "s:111:4:125:Infinity": 26,
        "s:113:17:113:Infinity": 27,
        "b:113:17:113:27:113:27:113:56:113:60:113:Infinity": 3,
        "s:114:24:114:Infinity": 28,
        "b:114:24:114:48:114:52:114:Infinity": 4,
        "s:115:6:121:Infinity": 29,
        "s:122:6:125:Infinity": 30,
        "f:124:40:124:44": 3,
        "s:124:53:124:Infinity": 31,
        "s:127:32:127:Infinity": 32,
        "s:130:15:130:Infinity": 33,
        "b:130:15:130:25:130:25:130:54:130:58:130:Infinity": 5,
        "s:131:22:131:Infinity": 34,
        "b:131:22:131:46:131:50:131:Infinity": 6,
        "s:134:21:134:53": 35,
        "b:135:4:142:Infinity:undefined:undefined:undefined:undefined": 7,
        "s:135:4:142:Infinity": 36,
        "s:136:6:138:Infinity": 37,
        "s:139:6:142:Infinity": 38,
        "s:146:19:148:Infinity": 39,
        "b:151:4:157:Infinity:undefined:undefined:undefined:undefined": 8,
        "s:151:4:157:Infinity": 40,
        "s:153:6:153:Infinity": 41,
        "s:154:6:156:Infinity": 42,
        "s:157:6:157:Infinity": 43,
        "s:160:17:160:Infinity": 44,
        "s:163:28:163:78": 45,
        "b:164:4:173:Infinity:undefined:undefined:undefined:undefined": 9,
        "s:164:4:173:Infinity": 46,
        "s:165:6:165:Infinity": 47,
        "s:166:6:172:Infinity": 48,
        "s:173:6:173:Infinity": 49,
        "s:177:4:177:Infinity": 50,
        "s:180:18:183:Infinity": 51,
        "s:187:4:189:Infinity": 52,
        "s:191:4:201:Infinity": 53,
        "s:203:4:203:Infinity": 54,
        "s:204:4:204:Infinity": 55,
        "s:209:0:243:Infinity": 56,
        "f:209:37:209:44": 4,
        "s:210:2:241:Infinity": 57,
        "s:211:20:211:Infinity": 58,
        "s:212:19:212:Infinity": 59,
        "b:214:4:215:Infinity:undefined:undefined:undefined:undefined": 10,
        "s:214:4:215:Infinity": 60,
        "s:215:6:215:Infinity": 61,
        "s:218:19:220:Infinity": 62,
        "b:223:4:224:Infinity:undefined:undefined:undefined:undefined": 11,
        "s:223:4:224:Infinity": 63,
        "s:224:6:224:Infinity": 64,
        "s:227:17:227:Infinity": 65,
        "s:229:4:238:Infinity": 66,
        "s:240:4:240:Infinity": 67,
        "s:241:4:241:Infinity": 68,
        "s:246:0:323:Infinity": 69,
        "f:246:56:246:63": 5,
        "s:247:2:321:Infinity": 70,
        "s:248:22:248:62": 71,
        "s:251:15:251:Infinity": 72,
        "b:251:15:251:25:251:25:251:54:251:58:251:Infinity": 12,
        "s:252:22:252:Infinity": 73,
        "b:252:22:252:46:252:50:252:Infinity": 13,
        "b:254:4:258:Infinity:undefined:undefined:undefined:undefined": 14,
        "s:254:4:258:Infinity": 74,
        "s:255:6:258:Infinity": 75,
        "f:257:40:257:44": 6,
        "s:257:53:257:Infinity": 76,
        "s:261:22:261:Infinity": 77,
        "s:264:26:264:65": 78,
        "b:265:4:271:Infinity:undefined:undefined:undefined:undefined": 15,
        "s:265:4:271:Infinity": 79,
        "s:266:6:268:Infinity": 80,
        "s:269:6:271:Infinity": 81,
        "s:275:23:277:6": 82,
        "b:279:4:311:Infinity:303:11:311:Infinity": 16,
        "s:279:4:311:Infinity": 83,
        "s:281:19:281:Infinity": 84,
        "s:282:12:282:43": 85,
        "s:283:24:283:46": 86,
        "s:286:24:286:61": 87,
        "s:289:6:293:Infinity": 88,
        "s:296:6:298:Infinity": 89,
        "s:302:6:302:Infinity": 90,
        "s:305:6:311:Infinity": 91,
        "s:315:4:318:Infinity": 92,
        "s:320:4:320:Infinity": 93,
        "s:321:4:321:Infinity": 94,
        "s:326:0:401:Infinity": 95,
        "f:326:46:326:53": 7,
        "s:327:2:399:Infinity": 96,
        "s:328:22:328:61": 97,
        "s:331:15:331:Infinity": 98,
        "b:331:15:331:25:331:25:331:54:331:58:331:Infinity": 17,
        "s:332:22:332:Infinity": 99,
        "b:332:22:332:46:332:50:332:Infinity": 18,
        "b:334:4:338:Infinity:undefined:undefined:undefined:undefined": 19,
        "s:334:4:338:Infinity": 100,
        "s:335:6:338:Infinity": 101,
        "f:337:40:337:44": 8,
        "s:337:53:337:Infinity": 102,
        "s:341:35:341:Infinity": 103,
        "s:345:24:349:Infinity": 104,
        "s:352:30:352:Infinity": 105,
        "s:353:4:357:Infinity": 106,
        "s:354:22:354:65": 107,
        "b:355:6:357:Infinity:undefined:undefined:undefined:undefined": 20,
        "s:355:6:357:Infinity": 108,
        "s:356:8:356:Infinity": 109,
        "s:357:8:357:Infinity": 110,
        "b:361:4:369:Infinity:undefined:undefined:undefined:undefined": 21,
        "s:361:4:369:Infinity": 111,
        "s:362:6:368:Infinity": 112,
        "s:369:6:369:Infinity": 113,
        "s:373:27:373:61": 114,
        "s:376:4:379:Infinity": 115,
        "s:382:4:385:Infinity": 116,
        "s:388:4:394:Infinity": 117,
        "s:396:4:396:Infinity": 118,
        "s:398:4:398:Infinity": 119,
        "s:399:4:399:Infinity": 120,
        "s:404:0:407:Infinity": 121,
        "f:404:23:404:30": 9,
        "s:406:2:406:Infinity": 122
      }
    }
  },
  "/home/claw/.paperclip/instances/default/projects/c7ecff56-aed4-4103-bb75-af2b584b06a4/a8c3a85f-2c69-45cb-a8e0-7dbb21faf9b9/Omni/src/routes/handoff.ts": {
    "path": "/home/claw/.paperclip/instances/default/projects/c7ecff56-aed4-4103-bb75-af2b584b06a4/a8c3a85f-2c69-45cb-a8e0-7dbb21faf9b9/Omni/src/routes/handoff.ts",
    "statementMap": {
      "0": {
        "start": { "line": 6, "column": 6 },
        "end": { "line": 6, "column": 23 }
      },
      "1": {
        "start": { "line": 8, "column": 0 },
        "end": { "line": 8, "column": null }
      },
      "2": {
        "start": { "line": 10, "column": 0 },
        "end": { "line": 47, "column": null }
      },
      "3": {
        "start": { "line": 11, "column": 2 },
        "end": { "line": 45, "column": null }
      },
      "4": {
        "start": { "line": 12, "column": 24 },
        "end": { "line": 12, "column": null }
      },
      "5": {
        "start": { "line": 22, "column": 8 },
        "end": { "line": 22, "column": null }
      },
      "6": {
        "start": { "line": 24, "column": 4 },
        "end": { "line": 27, "column": null }
      },
      "7": {
        "start": { "line": 25, "column": 6 },
        "end": { "line": 27, "column": null }
      },
      "8": {
        "start": { "line": 30, "column": 21 },
        "end": { "line": 40, "column": 6 }
      },
      "9": {
        "start": { "line": 42, "column": 4 },
        "end": { "line": 42, "column": null }
      },
      "10": {
        "start": { "line": 44, "column": 4 },
        "end": { "line": 44, "column": null }
      },
      "11": {
        "start": { "line": 45, "column": 4 },
        "end": { "line": 45, "column": null }
      },
      "12": {
        "start": { "line": 49, "column": 0 },
        "end": { "line": 75, "column": null }
      },
      "13": {
        "start": { "line": 50, "column": 2 },
        "end": { "line": 73, "column": null }
      },
      "14": {
        "start": { "line": 51, "column": 24 },
        "end": { "line": 51, "column": null }
      },
      "15": {
        "start": { "line": 53, "column": 6 },
        "end": { "line": 55, "column": null }
      },
      "16": {
        "start": { "line": 57, "column": 6 },
        "end": { "line": 57, "column": null }
      },
      "17": {
        "start": { "line": 60, "column": 4 },
        "end": { "line": 67, "column": null }
      },
      "18": {
        "start": { "line": 61, "column": 6 },
        "end": { "line": 65, "column": null }
      },
      "19": {
        "start": { "line": 67, "column": 6 },
        "end": { "line": 67, "column": null }
      },
      "20": {
        "start": { "line": 70, "column": 4 },
        "end": { "line": 70, "column": null }
      },
      "21": {
        "start": { "line": 72, "column": 4 },
        "end": { "line": 72, "column": null }
      },
      "22": {
        "start": { "line": 73, "column": 4 },
        "end": { "line": 73, "column": null }
      },
      "23": {
        "start": { "line": 77, "column": 0 },
        "end": { "line": 96, "column": null }
      },
      "24": {
        "start": { "line": 78, "column": 2 },
        "end": { "line": 94, "column": null }
      },
      "25": {
        "start": { "line": 79, "column": 19 },
        "end": { "line": 79, "column": null }
      },
      "26": {
        "start": { "line": 80, "column": 24 },
        "end": { "line": 80, "column": null }
      },
      "27": {
        "start": { "line": 82, "column": 21 },
        "end": { "line": 84, "column": null }
      },
      "28": {
        "start": { "line": 87, "column": 4 },
        "end": { "line": 88, "column": null }
      },
      "29": {
        "start": { "line": 88, "column": 6 },
        "end": { "line": 88, "column": null }
      },
      "30": {
        "start": { "line": 91, "column": 4 },
        "end": { "line": 91, "column": null }
      },
      "31": {
        "start": { "line": 93, "column": 4 },
        "end": { "line": 93, "column": null }
      },
      "32": {
        "start": { "line": 94, "column": 4 },
        "end": { "line": 94, "column": null }
      },
      "33": {
        "start": { "line": 98, "column": 0 },
        "end": { "line": 136, "column": null }
      },
      "34": {
        "start": { "line": 99, "column": 2 },
        "end": { "line": 134, "column": null }
      },
      "35": {
        "start": { "line": 100, "column": 19 },
        "end": { "line": 100, "column": null }
      },
      "36": {
        "start": { "line": 101, "column": 24 },
        "end": { "line": 101, "column": null }
      },
      "37": {
        "start": { "line": 111, "column": 8 },
        "end": { "line": 111, "column": null }
      },
      "38": {
        "start": { "line": 113, "column": 21 },
        "end": { "line": 125, "column": null }
      },
      "39": {
        "start": { "line": 128, "column": 4 },
        "end": { "line": 128, "column": null }
      },
      "40": {
        "start": { "line": 130, "column": 4 },
        "end": { "line": 130, "column": null }
      },
      "41": {
        "start": { "line": 131, "column": 4 },
        "end": { "line": 132, "column": null }
      },
      "42": {
        "start": { "line": 132, "column": 6 },
        "end": { "line": 132, "column": null }
      },
      "43": {
        "start": { "line": 134, "column": 4 },
        "end": { "line": 134, "column": null }
      },
      "44": {
        "start": { "line": 138, "column": 0 },
        "end": { "line": 153, "column": null }
      },
      "45": {
        "start": { "line": 139, "column": 2 },
        "end": { "line": 151, "column": null }
      },
      "46": {
        "start": { "line": 140, "column": 19 },
        "end": { "line": 140, "column": null }
      },
      "47": {
        "start": { "line": 141, "column": 24 },
        "end": { "line": 141, "column": null }
      },
      "48": {
        "start": { "line": 143, "column": 4 },
        "end": { "line": 143, "column": null }
      },
      "49": {
        "start": { "line": 145, "column": 4 },
        "end": { "line": 145, "column": null }
      },
      "50": {
        "start": { "line": 147, "column": 4 },
        "end": { "line": 147, "column": null }
      },
      "51": {
        "start": { "line": 148, "column": 4 },
        "end": { "line": 149, "column": null }
      },
      "52": {
        "start": { "line": 149, "column": 6 },
        "end": { "line": 149, "column": null }
      },
      "53": {
        "start": { "line": 151, "column": 4 },
        "end": { "line": 151, "column": null }
      },
      "54": {
        "start": { "line": 155, "column": 0 },
        "end": { "line": 179, "column": null }
      },
      "55": {
        "start": { "line": 156, "column": 2 },
        "end": { "line": 177, "column": null }
      },
      "56": {
        "start": { "line": 157, "column": 19 },
        "end": { "line": 157, "column": null }
      },
      "57": {
        "start": { "line": 158, "column": 24 },
        "end": { "line": 158, "column": null }
      },
      "58": {
        "start": { "line": 160, "column": 23 },
        "end": { "line": 162, "column": null }
      },
      "59": {
        "start": { "line": 165, "column": 4 },
        "end": { "line": 166, "column": null }
      },
      "60": {
        "start": { "line": 166, "column": 6 },
        "end": { "line": 166, "column": null }
      },
      "61": {
        "start": { "line": 169, "column": 30 },
        "end": { "line": 171, "column": null }
      },
      "62": {
        "start": { "line": 174, "column": 4 },
        "end": { "line": 174, "column": null }
      },
      "63": {
        "start": { "line": 176, "column": 4 },
        "end": { "line": 176, "column": null }
      },
      "64": {
        "start": { "line": 177, "column": 4 },
        "end": { "line": 177, "column": null }
      },
      "65": {
        "start": { "line": 181, "column": 0 },
        "end": { "line": 196, "column": null }
      },
      "66": {
        "start": { "line": 182, "column": 2 },
        "end": { "line": 194, "column": null }
      },
      "67": {
        "start": { "line": 183, "column": 19 },
        "end": { "line": 183, "column": null }
      },
      "68": {
        "start": { "line": 184, "column": 24 },
        "end": { "line": 184, "column": null }
      },
      "69": {
        "start": { "line": 186, "column": 21 },
        "end": { "line": 188, "column": null }
      },
      "70": {
        "start": { "line": 191, "column": 4 },
        "end": { "line": 191, "column": null }
      },
      "71": {
        "start": { "line": 193, "column": 4 },
        "end": { "line": 193, "column": null }
      },
      "72": {
        "start": { "line": 194, "column": 4 },
        "end": { "line": 194, "column": null }
      },
      "73": {
        "start": { "line": 198, "column": 0 },
        "end": { "line": 209, "column": null }
      },
      "74": {
        "start": { "line": 199, "column": 2 },
        "end": { "line": 207, "column": null }
      },
      "75": {
        "start": { "line": 200, "column": 24 },
        "end": { "line": 200, "column": null }
      },
      "76": {
        "start": { "line": 202, "column": 21 },
        "end": { "line": 202, "column": 79 }
      },
      "77": {
        "start": { "line": 204, "column": 4 },
        "end": { "line": 204, "column": null }
      },
      "78": {
        "start": { "line": 206, "column": 4 },
        "end": { "line": 206, "column": null }
      },
      "79": {
        "start": { "line": 207, "column": 4 },
        "end": { "line": 207, "column": null }
      }
    },
    "fnMap": {
      "0": {
        "name": "(anonymous_0)",
        "decl": {
          "start": { "line": 10, "column": 26 },
          "end": { "line": 10, "column": 33 }
        },
        "loc": {
          "start": { "line": 10, "column": 69 },
          "end": { "line": 47, "column": null }
        },
        "line": 10
      },
      "1": {
        "name": "(anonymous_1)",
        "decl": {
          "start": { "line": 49, "column": 25 },
          "end": { "line": 49, "column": 32 }
        },
        "loc": {
          "start": { "line": 49, "column": 68 },
          "end": { "line": 75, "column": null }
        },
        "line": 49
      },
      "2": {
        "name": "(anonymous_2)",
        "decl": {
[...]
        "s:203:6:208:Infinity": 36,
        "s:211:4:211:Infinity": 37,
        "f:214:8:214:Infinity": 7,
        "s:218:25:228:Infinity": 38,
        "s:231:25:241:Infinity": 39,
        "s:244:4:247:Infinity": 40,
        "f:250:8:250:24": 8,
        "s:251:19:253:Infinity": 41,
        "s:255:4:255:Infinity": 42,
        "f:258:8:258:23": 9,
        "s:259:19:261:Infinity": 43,
        "s:263:4:263:Infinity": 44
      }
    }
  },
  "/home/claw/.paperclip/instances/default/projects/c7ecff56-aed4-4103-bb75-af2b584b06a4/a8c3a85f-2c69-45cb-a8e0-7dbb21faf9b9/Omni/src/utils/security.ts": {
    "path": "/home/claw/.paperclip/instances/default/projects/c7ecff56-aed4-4103-bb75-af2b584b06a4/a8c3a85f-2c69-45cb-a8e0-7dbb21faf9b9/Omni/src/utils/security.ts",
    "statementMap": {
      "0": {
        "start": { "line": 10, "column": 13 },
        "end": { "line": 11, "column": null }
      },
      "1": {
        "start": { "line": 11, "column": 2 },
        "end": { "line": 11, "column": null }
      },
      "2": {
        "start": { "line": 19, "column": 25 },
        "end": { "line": 20, "column": null }
      },
      "3": {
        "start": { "line": 20, "column": 2 },
        "end": { "line": 20, "column": null }
      },
      "4": {
        "start": { "line": 29, "column": 27 },
        "end": { "line": 33, "column": null }
      },
      "5": {
        "start": { "line": 33, "column": 2 },
        "end": { "line": 33, "column": null }
      },
      "6": {
        "start": { "line": 42, "column": 31 },
        "end": { "line": 65, "column": null }
      },
      "7": {
        "start": { "line": 46, "column": 17 },
        "end": { "line": 52, "column": null }
      },
      "8": {
        "start": { "line": 55, "column": 2 },
        "end": { "line": 56, "column": null }
      },
      "9": {
        "start": { "line": 56, "column": 4 },
        "end": { "line": 56, "column": null }
      },
      "10": {
        "start": { "line": 59, "column": 22 },
        "end": { "line": 59, "column": null }
      },
      "11": {
        "start": { "line": 60, "column": 2 },
        "end": { "line": 61, "column": null }
      },
      "12": {
        "start": { "line": 61, "column": 4 },
        "end": { "line": 61, "column": null }
      },
      "13": {
        "start": { "line": 65, "column": 2 },
        "end": { "line": 65, "column": null }
      },
      "14": {
        "start": { "line": 74, "column": 40 },
        "end": { "line": 166, "column": null }
      },
      "15": {
        "start": { "line": 79, "column": 19 },
        "end": { "line": 85, "column": null }
      },
      "16": {
        "start": { "line": 88, "column": 21 },
        "end": { "line": 88, "column": null }
      },
      "17": {
        "start": { "line": 89, "column": 26 },
        "end": { "line": 89, "column": null }
      },
      "18": {
        "start": { "line": 91, "column": 2 },
        "end": { "line": 162, "column": null }
      },
      "19": {
        "start": { "line": 92, "column": 24 },
        "end": { "line": 92, "column": null }
      },
      "20": {
        "start": { "line": 95, "column": 30 },
        "end": { "line": 95, "column": 67 }
      },
      "21": {
        "start": { "line": 96, "column": 28 },
        "end": { "line": 96, "column": 60 }
      },
      "22": {
        "start": { "line": 98, "column": 4 },
        "end": { "line": 150, "column": null }
      },
      "23": {
        "start": { "line": 100, "column": 6 },
        "end": { "line": 100, "column": null }
      },
      "24": {
        "start": { "line": 103, "column": 6 },
        "end": { "line": 120, "column": null }
      },
      "25": {
        "start": { "line": 104, "column": 8 },
        "end": { "line": 104, "column": null }
      },
      "26": {
        "start": { "line": 105, "column": 28 },
        "end": { "line": 105, "column": 65 }
      },
      "27": {
        "start": { "line": 107, "column": 8 },
        "end": { "line": 112, "column": null }
      },
      "28": {
        "start": { "line": 115, "column": 8 },
        "end": { "line": 120, "column": null }
      },
      "29": {
        "start": { "line": 124, "column": 6 },
        "end": { "line": 150, "column": null }
      },
      "30": {
        "start": { "line": 126, "column": 28 },
        "end": { "line": 126, "column": 62 }
      },
      "31": {
        "start": { "line": 127, "column": 8 },
        "end": { "line": 142, "column": null }
      },
      "32": {
        "start": { "line": 128, "column": 10 },
        "end": { "line": 133, "column": null }
      },
      "33": {
        "start": { "line": 136, "column": 10 },
        "end": { "line": 136, "column": null }
      },
      "34": {
        "start": { "line": 137, "column": 10 },
        "end": { "line": 142, "column": null }
      },
      "35": {
        "start": { "line": 146, "column": 8 },
        "end": { "line": 150, "column": null }
      },
      "36": {
        "start": { "line": 155, "column": 4 },
        "end": { "line": 159, "column": null }
      },
      "37": {
        "start": { "line": 161, "column": 4 },
        "end": { "line": 162, "column": null }
      },
      "38": {
        "start": { "line": 162, "column": 6 },
        "end": { "line": 162, "column": null }
      },
      "39": {
        "start": { "line": 166, "column": 2 },
        "end": { "line": 166, "column": null }
      },
      "40": {
        "start": { "line": 174, "column": 40 },
        "end": { "line": 182, "column": null }
      },
      "41": {
        "start": { "line": 178, "column": 2 },
        "end": { "line": 182, "column": null }
      },
      "42": {
        "start": { "line": 193, "column": 29 },
        "end": { "line": 204, "column": null }
      },
      "43": {
        "start": { "line": 200, "column": 2 },
        "end": { "line": 204, "column": null }
      },
      "44": {
        "start": { "line": 212, "column": 42 },
        "end": { "line": 227, "column": null }
      },
      "45": {
        "start": { "line": 215, "column": 21 },
        "end": { "line": 215, "column": 58 }
      },
      "46": {
        "start": { "line": 217, "column": 17 },
        "end": { "line": 223, "column": null }
      },
      "47": {
        "start": { "line": 226, "column": 16 },
        "end": { "line": 226, "column": 46 }
      },
      "48": {
        "start": { "line": 227, "column": 2 },
        "end": { "line": 227, "column": null }
      }
    },
    "fnMap": {
      "0": {
        "name": "(anonymous_0)",
        "decl": {
          "start": { "line": 10, "column": 13 },
          "end": { "line": 10, "column": 36 }
        },
        "loc": {
          "start": { "line": 10, "column": 68 },
          "end": { "line": 11, "column": null }
        },
        "line": 10
      },
      "1": {
        "name": "(anonymous_1)",
        "decl": {
          "start": { "line": 19, "column": 25 },
          "end": { "line": 19, "column": 32 }
        },
        "loc": {
          "start": { "line": 19, "column": 67 },
          "end": { "line": 20, "column": null }
        },
        "line": 19
      },
      "2": {
        "name": "(anonymous_2)",
        "decl": {
          "start": { "line": 29, "column": 27 },
          "end": { "line": 29, "column": null }
        },
        "loc": {
          "start": { "line": 32, "column": 23 },
          "end": { "line": 33, "column": null }
        },
        "line": 32
      },
      "3": {
        "name": "(anonymous_3)",
        "decl": {
          "start": { "line": 42, "column": 31 },
          "end": { "line": 42, "column": null }
        },
        "loc": {
          "start": { "line": 45, "column": 23 },
          "end": { "line": 65, "column": null }
        },
        "line": 45
      },
      "4": {
        "name": "(anonymous_4)",
        "decl": {
          "start": { "line": 74, "column": 40 },
          "end": { "line": 74, "column": null }
        },
        "loc": {
          "start": { "line": 77, "column": 23 },
          "end": { "line": 166, "column": null }
        },
        "line": 77
      },
      "5": {
        "name": "(anonymous_5)",
        "decl": {
          "start": { "line": 174, "column": 40 },
          "end": { "line": 174, "column": null }
        },
        "loc": {
          "start": { "line": 177, "column": 20 },
          "end": { "line": 182, "column": null }
        },
        "line": 177
      },
      "6": {
        "name": "(anonymous_6)",
        "decl": {
          "start": { "line": 193, "column": 29 },
          "end": { "line": 193, "column": null }
        },
        "loc": {
          "start": { "line": 199, "column": 20 },
          "end": { "line": 204, "column": null }
        },
        "line": 199
      },
      "7": {
        "name": "(anonymous_7)",
        "decl": {
          "start": { "line": 212, "column": 42 },
          "end": { "line": 212, "column": null }
        },
        "loc": {
          "start": { "line": 214, "column": 23 },
          "end": { "line": 227, "column": null }
        },
        "line": 214
      }
    },
    "branchMap": {
      "0": {
        "loc": {
          "start": { "line": 10, "column": 36 },
          "end": { "line": 10, "column": 68 }
        },
        "type": "default-arg",
        "locations": [
          {
            "start": { "line": 10, "column": 53 },
            "end": { "line": 10, "column": 68 }
          }
        ],
        "line": 10
      },
      "1": {
        "loc": {
          "start": { "line": 55, "column": 2 },
          "end": { "line": 56, "column": null }
        },
        "type": "if",
        "locations": [
          {
            "start": { "line": 55, "column": 2 },
            "end": { "line": 56, "column": null }
          },
          { "start": {}, "end": {} }
        ],
        "line": 55
      },
      "2": {
        "loc": {
          "start": { "line": 60, "column": 2 },
          "end": { "line": 61, "column": null }
        },
        "type": "if",
        "locations": [
          {
            "start": { "line": 60, "column": 2 },
            "end": { "line": 61, "column": null }
          },
          { "start": {}, "end": {} }
        ],
        "line": 60
      },
      "3": {
        "loc": {
          "start": { "line": 91, "column": 2 },
          "end": { "line": 162, "column": null }
        },
        "type": "if",
        "locations": [
          {
            "start": { "line": 91, "column": 2 },
            "end": { "line": 162, "column": null }
          },
          {
            "start": { "line": 153, "column": 9 },
            "end": { "line": 162, "column": null }
          }
        ],
        "line": 91
      },
      "4": {
        "loc": {
          "start": { "line": 98, "column": 4 },
          "end": { "line": 150, "column": null }
        },
        "type": "if",
        "locations": [
          {
            "start": { "line": 98, "column": 4 },
            "end": { "line": 150, "column": null }
          },
          {
            "start": { "line": 122, "column": 11 },
            "end": { "line": 150, "column": null }
          }
        ],
        "line": 98
      },
      "5": {
        "loc": {
          "start": { "line": 98, "column": 8 },
          "end": { "line": 98, "column": 74 }
        },
        "type": "binary-expr",
        "locations": [
          {
            "start": { "line": 98, "column": 8 },
            "end": { "line": 98, "column": 47 }
          },
          {
            "start": { "line": 98, "column": 47 },
            "end": { "line": 98, "column": 74 }
          }
        ],
        "line": 98
      },
      "6": {
        "loc": {
          "start": { "line": 103, "column": 6 },
          "end": { "line": 120, "column": null }
        },
        "type": "if",
        "locations": [
          {
            "start": { "line": 103, "column": 6 },
            "end": { "line": 120, "column": null }
          },
          {
            "start": { "line": 113, "column": 13 },
            "end": { "line": 120, "column": null }
          }
        ],
        "line": 103
      },
      "7": {
        "loc": {
          "start": { "line": 124, "column": 6 },
          "end": { "line": 150, "column": null }
        },
        "type": "if",
        "locations": [
          {
            "start": { "line": 124, "column": 6 },
            "end": { "line": 150, "column": null }
          },
          {
            "start": { "line": 144, "column": 13 },
            "end": { "line": 150, "column": null }
          }
        ],
        "line": 124
      },
      "8": {
        "loc": {
          "start": { "line": 127, "column": 8 },
          "end": { "line": 142, "column": null }
        },
        "type": "if",
        "locations": [
          {
            "start": { "line": 127, "column": 8 },
            "end": { "line": 142, "column": null }
          },
          {
            "start": { "line": 134, "column": 15 },
            "end": { "line": 142, "column": null }
          }
        ],
        "line": 127
      },
      "9": {
        "loc": {
          "start": { "line": 161, "column": 4 },
          "end": { "line": 162, "column": null }
        },
        "type": "if",
        "locations": [
          {
            "start": { "line": 161, "column": 4 },
            "end": { "line": 162, "column": null }
          },
          { "start": {}, "end": {} }
        ],
        "line": 161
      },
      "10": {
        "loc": {
          "start": { "line": 203, "column": 39 },
          "end": { "line": 203, "column": 54 }
        },
        "type": "binary-expr",
        "locations": [
          {
            "start": { "line": 203, "column": 39 },
            "end": { "line": 203, "column": 51 }
          },
          {
            "start": { "line": 203, "column": 51 },
            "end": { "line": 203, "column": 54 }
          }
        ],
        "line": 203
      }
    },
    "s": {
      "0": 3,
      "1": 0,
      "2": 3,
      "3": 0,
      "4": 3,
      "5": 0,
      "6": 3,
      "7": 2,
      "8": 2,
      "9": 1,
      "10": 1,
      "11": 1,
      "12": 1,
      "13": 0,
      "14": 3,
      "15": 1,
      "16": 1,
      "17": 1,
      "18": 1,
      "19": 1,
      "20": 1,
      "21": 1,
      "22": 1,
      "23": 1,
      "24": 1,
      "25": 0,
      "26": 0,
      "27": 0,
      "28": 1,
      "29": 0,
      "30": 0,
      "31": 0,
      "32": 0,
      "33": 0,
      "34": 0,
      "35": 0,
      "36": 0,
      "37": 0,
      "38": 0,
      "39": 1,
      "40": 3,
      "41": 1,
      "42": 3,
      "43": 2,
      "44": 3,
      "45": 0,
      "46": 0,
      "47": 0,
      "48": 0
    },
    "f": { "0": 0, "1": 0, "2": 0, "3": 2, "4": 1, "5": 1, "6": 2, "7": 0 },
    "b": {
      "0": [0],
      "1": [1, 1],
      "2": [1, 0],
      "3": [1, 0],
      "4": [1, 0],
      "5": [1, 1],
      "6": [0, 1],
      "7": [0, 0],
      "8": [0, 0],
      "9": [0, 0],
      "10": [2, 0]
    },
    "meta": {
      "lastBranch": 11,
      "lastFunction": 8,
      "lastStatement": 49,
      "seen": {
        "s:10:13:11:Infinity": 0,
        "f:10:13:10:36": 0,
        "b:10:53:10:68": 0,
        "s:11:2:11:Infinity": 1,
        "s:19:25:20:Infinity": 2,
        "f:19:25:19:32": 1,
        "s:20:2:20:Infinity": 3,
        "s:29:27:33:Infinity": 4,
        "f:29:27:29:Infinity": 2,
        "s:33:2:33:Infinity": 5,
        "s:42:31:65:Infinity": 6,
        "f:42:31:42:Infinity": 3,
        "s:46:17:52:Infinity": 7,
        "b:55:2:56:Infinity:undefined:undefined:undefined:undefined": 1,
        "s:55:2:56:Infinity": 8,
        "s:56:4:56:Infinity": 9,
        "s:59:22:59:Infinity": 10,
        "b:60:2:61:Infinity:undefined:undefined:undefined:undefined": 2,
        "s:60:2:61:Infinity": 11,
        "s:61:4:61:Infinity": 12,
        "s:65:2:65:Infinity": 13,
        "s:74:40:166:Infinity": 14,
        "f:74:40:74:Infinity": 4,
        "s:79:19:85:Infinity": 15,
        "s:88:21:88:Infinity": 16,
        "s:89:26:89:Infinity": 17,
        "b:91:2:162:Infinity:153:9:162:Infinity": 3,
        "s:91:2:162:Infinity": 18,
        "s:92:24:92:Infinity": 19,
        "s:95:30:95:67": 20,
        "s:96:28:96:60": 21,
        "b:98:4:150:Infinity:122:11:150:Infinity": 4,
        "s:98:4:150:Infinity": 22,
        "b:98:8:98:47:98:47:98:74": 5,
        "s:100:6:100:Infinity": 23,
        "b:103:6:120:Infinity:113:13:120:Infinity": 6,
        "s:103:6:120:Infinity": 24,
        "s:104:8:104:Infinity": 25,
        "s:105:28:105:65": 26,
        "s:107:8:112:Infinity": 27,
        "s:115:8:120:Infinity": 28,
        "b:124:6:150:Infinity:144:13:150:Infinity": 7,
        "s:124:6:150:Infinity": 29,
        "s:126:28:126:62": 30,
        "b:127:8:142:Infinity:134:15:142:Infinity": 8,
        "s:127:8:142:Infinity": 31,
        "s:128:10:133:Infinity": 32,
        "s:136:10:136:Infinity": 33,
        "s:137:10:142:Infinity": 34,
        "s:146:8:150:Infinity": 35,
        "s:155:4:159:Infinity": 36,
        "b:161:4:162:Infinity:undefined:undefined:undefined:undefined": 9,
        "s:161:4:162:Infinity": 37,
        "s:162:6:162:Infinity": 38,
        "s:166:2:166:Infinity": 39,
        "s:174:40:182:Infinity": 40,
        "f:174:40:174:Infinity": 5,
        "s:178:2:182:Infinity": 41,
        "s:193:29:204:Infinity": 42,
        "f:193:29:193:Infinity": 6,
        "s:200:2:204:Infinity": 43,
        "b:203:39:203:51:203:51:203:54": 10,
        "s:212:42:227:Infinity": 44,
        "f:212:42:212:Infinity": 7,
        "s:215:21:215:58": 45,
        "s:217:17:223:Infinity": 46,
        "s:226:16:226:46": 47,
        "s:227:2:227:Infinity": 48
      }
    }
  },
  "/home/claw/.paperclip/instances/default/projects/c7ecff56-aed4-4103-bb75-af2b584b06a4/a8c3a85f-2c69-45cb-a8e0-7dbb21faf9b9/Omni/src/validation/schemas.ts": {
    "path": "/home/claw/.paperclip/instances/default/projects/c7ecff56-aed4-4103-bb75-af2b584b06a4/a8c3a85f-2c69-45cb-a8e0-7dbb21faf9b9/Omni/src/validation/schemas.ts",
    "statementMap": {
      "0": {
        "start": { "line": 3, "column": 30 },
        "end": { "line": 16, "column": 2 }
      },
      "1": {
        "start": { "line": 18, "column": 27 },
        "end": { "line": 21, "column": 2 }
      },
      "2": {
        "start": { "line": 23, "column": 36 },
        "end": { "line": 25, "column": 2 }
      },
      "3": {
        "start": { "line": 27, "column": 35 },
        "end": { "line": 39, "column": 2 }
      },
      "4": {
        "start": { "line": 41, "column": 35 },
        "end": { "line": 44, "column": 2 }
      },
      "5": {
        "start": { "line": 46, "column": 35 },
        "end": { "line": 49, "column": 2 }
      },
      "6": {
        "start": { "line": 51, "column": 32 },
        "end": { "line": 59, "column": 2 }
      },
      "7": {
        "start": { "line": 61, "column": 32 },
        "end": { "line": 69, "column": 2 }
      },
      "8": {
        "start": { "line": 71, "column": 33 },
        "end": { "line": 78, "column": 2 }
      },
      "9": {
        "start": { "line": 80, "column": 33 },
        "end": { "line": 87, "column": 2 }
      },
      "10": {
        "start": { "line": 89, "column": 31 },
        "end": { "line": 91, "column": 2 }
      }
    },
    "fnMap": {},
    "branchMap": {},
    "s": {
      "0": 3,
      "1": 3,
      "2": 3,
      "3": 3,
      "4": 3,
      "5": 3,
      "6": 3,
      "7": 3,
      "8": 3,
      "9": 3,
      "10": 3
    },
    "f": {},
    "b": {},
    "meta": {
      "lastBranch": 0,
      "lastFunction": 0,
      "lastStatement": 11,
      "seen": {
        "s:3:30:16:2": 0,
        "s:18:27:21:2": 1,
        "s:23:36:25:2": 2,
        "s:27:35:39:2": 3,
        "s:41:35:44:2": 4,
        "s:46:35:49:2": 5,
        "s:51:32:59:2": 6,
        "s:61:32:69:2": 7,
        "s:71:33:78:2": 8,
        "s:80:33:87:2": 9,
        "s:89:31:91:2": 10
      }
    }
  }
}
